<?xml version="1.0" encoding="UTF-8"?>
<coverage generated="1643717860130" clover="3.2.0">
  <project timestamp="1643717860130" name="All files">
    <metrics statements="45" coveredstatements="45" conditionals="16" coveredconditionals="14" methods="12" coveredmethods="12" elements="73" coveredelements="71" complexity="0" loc="45" ncloc="45" packages="1" files="3" classes="3"/>
    <file name="account.js" path="/Users/kimmorgan/Desktop/Makers/tech-tests/bank-tech-test/src/account.js">
      <metrics statements="12" coveredstatements="12" conditionals="4" coveredconditionals="4" methods="6" coveredmethods="6"/>
      <line num="4" count="5" type="stmt"/>
      <line num="8" count="8" type="stmt"/>
      <line num="12" count="5" type="stmt"/>
      <line num="13" count="4" type="stmt"/>
      <line num="17" count="7" type="stmt"/>
      <line num="18" count="5" type="stmt"/>
      <line num="19" count="3" type="stmt"/>
      <line num="23" count="5" type="cond" truecount="2" falsecount="0"/>
      <line num="24" count="2" type="stmt"/>
      <line num="29" count="12" type="cond" truecount="2" falsecount="0"/>
      <line num="30" count="3" type="stmt"/>
      <line num="35" count="3" type="stmt"/>
    </file>
    <file name="account_record.js" path="/Users/kimmorgan/Desktop/Makers/tech-tests/bank-tech-test/src/account_record.js">
      <metrics statements="14" coveredstatements="14" conditionals="6" coveredconditionals="5" methods="3" coveredmethods="3"/>
      <line num="1" count="2" type="stmt"/>
      <line num="2" count="2" type="stmt"/>
      <line num="7" count="5" type="stmt"/>
      <line num="8" count="5" type="stmt"/>
      <line num="9" count="5" type="stmt"/>
      <line num="13" count="7" type="cond" truecount="2" falsecount="0"/>
      <line num="14" count="3" type="stmt"/>
      <line num="15" count="4" type="cond" truecount="1" falsecount="1"/>
      <line num="16" count="4" type="stmt"/>
      <line num="18" count="5" type="stmt"/>
      <line num="19" count="5" type="stmt"/>
      <line num="20" count="5" type="stmt"/>
      <line num="24" count="7" type="stmt"/>
      <line num="29" count="2" type="stmt"/>
    </file>
    <file name="format.js" path="/Users/kimmorgan/Desktop/Makers/tech-tests/bank-tech-test/src/format.js">
      <metrics statements="19" coveredstatements="19" conditionals="6" coveredconditionals="5" methods="3" coveredmethods="3"/>
      <line num="4" count="7" type="stmt"/>
      <line num="5" count="7" type="stmt"/>
      <line num="6" count="7" type="cond" truecount="2" falsecount="0"/>
      <line num="7" count="6" type="stmt"/>
      <line num="9" count="7" type="stmt"/>
      <line num="10" count="7" type="stmt"/>
      <line num="14" count="11" type="stmt"/>
      <line num="18" count="5" type="stmt"/>
      <line num="19" count="5" type="stmt"/>
      <line num="20" count="5" type="stmt"/>
      <line num="21" count="5" type="stmt"/>
      <line num="22" count="5" type="stmt"/>
      <line num="23" count="5" type="cond" truecount="2" falsecount="0"/>
      <line num="24" count="2" type="stmt"/>
      <line num="25" count="3" type="cond" truecount="1" falsecount="1"/>
      <line num="26" count="3" type="stmt"/>
      <line num="28" count="5" type="stmt"/>
      <line num="29" count="5" type="stmt"/>
      <line num="34" count="3" type="stmt"/>
    </file>
  </project>
</coverage>
