TN:
SF:src/account.js
FN:3,(anonymous_0)
FN:7,(anonymous_1)
FN:11,(anonymous_2)
FN:16,(anonymous_3)
FN:22,(anonymous_4)
FN:28,(anonymous_5)
FNF:6
FNH:6
FNDA:5,(anonymous_0)
FNDA:8,(anonymous_1)
FNDA:5,(anonymous_2)
FNDA:7,(anonymous_3)
FNDA:5,(anonymous_4)
FNDA:12,(anonymous_5)
DA:4,5
DA:8,8
DA:12,5
DA:13,4
DA:17,7
DA:18,5
DA:19,3
DA:23,5
DA:24,2
DA:29,12
DA:30,3
DA:35,3
LF:12
LH:12
BRDA:23,0,0,2
BRDA:23,0,1,3
BRDA:29,1,0,3
BRDA:29,1,1,9
BRF:4
BRH:4
end_of_record
TN:
SF:src/account_record.js
FN:6,(anonymous_0)
FN:12,(anonymous_1)
FN:23,(anonymous_2)
FNF:3
FNH:3
FNDA:5,(anonymous_0)
FNDA:7,(anonymous_1)
FNDA:7,(anonymous_2)
DA:1,2
DA:2,2
DA:7,5
DA:8,5
DA:9,5
DA:13,7
DA:14,3
DA:15,4
DA:16,4
DA:18,5
DA:19,5
DA:20,5
DA:24,7
DA:29,2
LF:14
LH:14
BRDA:6,0,0,4
BRDA:6,1,0,4
BRDA:13,2,0,3
BRDA:13,2,1,4
BRDA:15,3,0,4
BRDA:15,3,1,0
BRF:6
BRH:5
end_of_record
TN:
SF:src/format.js
FN:3,(anonymous_0)
FN:13,(anonymous_1)
FN:17,(anonymous_2)
FNF:3
FNH:3
FNDA:7,(anonymous_0)
FNDA:11,(anonymous_1)
FNDA:5,(anonymous_2)
DA:4,7
DA:5,7
DA:6,7
DA:7,6
DA:9,7
DA:10,7
DA:14,11
DA:18,5
DA:19,5
DA:20,5
DA:21,5
DA:22,5
DA:23,5
DA:24,2
DA:25,3
DA:26,3
DA:28,5
DA:29,5
DA:34,3
LF:19
LH:19
BRDA:6,0,0,6
BRDA:6,0,1,1
BRDA:23,1,0,2
BRDA:23,1,1,3
BRDA:25,2,0,3
BRDA:25,2,1,0
BRF:6
BRH:5
end_of_record
